# JRE version: OpenJDK Runtime Environment (8.0_112-b06) (build 1.8.0_112-release-b06)
# Java VM: OpenJDK 64-Bit Server VM (25.112-b06 mixed mode linux-amd64 compressed oops)
Heap:
 PSYoungGen      total 364544K, used 37655K [0x00000000e0000000, 0x00000000f8f80000, 0x0000000100000000)
  eden space 320512K, 0% used [0x00000000e0000000,0x00000000e0000000,0x00000000f3900000)
  from space 44032K, 85% used [0x00000000f3900000,0x00000000f5dc5c10,0x00000000f6400000)
  to   space 39936K, 0% used [0x00000000f6400000,0x00000000f6400000,0x00000000f8b00000)
 ParOldGen       total 267776K, used 226328K [0x00000000a0000000, 0x00000000b0580000, 0x00000000e0000000)
  object space 267776K, 84% used [0x00000000a0000000,0x00000000add06310,0x00000000b0580000)
 Metaspace       used 59313K, capacity 61056K, committed 61360K, reserved 1101824K
  class space    used 7873K, capacity 8301K, committed 8368K, reserved 1048576K
GC Heap History (10 events):
Event: 61.888 GC heap after
Heap after GC invocations=38 (full 5):
 PSYoungGen      total 247808K, used 23021K [0x00000000e0000000, 0x00000000f4600000, 0x0000000100000000)
  eden space 220160K, 0% used [0x00000000e0000000,0x00000000e0000000,0x00000000ed700000)
  from space 27648K, 83% used [0x00000000ed700000,0x00000000eed7b6a0,0x00000000ef200000)
  to   space 32256K, 0% used [0x00000000f2680000,0x00000000f2680000,0x00000000f4600000)
 ParOldGen       total 188416K, used 120593K [0x00000000a0000000, 0x00000000ab800000, 0x00000000e0000000)
  object space 188416K, 64% used [0x00000000a0000000,0x00000000a75c46d8,0x00000000ab800000)
 Metaspace       used 59310K, capacity 61056K, committed 61360K, reserved 1101824K
  class space    used 7873K, capacity 8301K, committed 8368K, reserved 1048576K
}
Event: 64.035 GC heap before
{Heap before GC invocations=39 (full 5):
 PSYoungGen      total 247808K, used 243181K [0x00000000e0000000, 0x00000000f4600000, 0x0000000100000000)
  eden space 220160K, 100% used [0x00000000e0000000,0x00000000ed700000,0x00000000ed700000)
  from space 27648K, 83% used [0x00000000ed700000,0x00000000eed7b6a0,0x00000000ef200000)
  to   space 32256K, 0% used [0x00000000f2680000,0x00000000f2680000,0x00000000f4600000)
 ParOldGen       total 188416K, used 120593K [0x00000000a0000000, 0x00000000ab800000, 0x00000000e0000000)
  object space 188416K, 64% used [0x00000000a0000000,0x00000000a75c46d8,0x00000000ab800000)
 Metaspace       used 59312K, capacity 61056K, committed 61360K, reserved 1101824K
  class space    used 7873K, capacity 8301K, committed 8368K, reserved 1048576K
Event: 64.888 GC heap after
Heap after GC invocations=39 (full 5):
 PSYoungGen      total 297984K, used 27212K [0x00000000e0000000, 0x00000000f4b00000, 0x0000000100000000)
  eden space 265728K, 0% used [0x00000000e0000000,0x00000000e0000000,0x00000000f0380000)
  from space 32256K, 84% used [0x00000000f2680000,0x00000000f41130b8,0x00000000f4600000)
  to   space 35840K, 0% used [0x00000000f0380000,0x00000000f0380000,0x00000000f2680000)
 ParOldGen       total 188416K, used 144687K [0x00000000a0000000, 0x00000000ab800000, 0x00000000e0000000)
  object space 188416K, 76% used [0x00000000a0000000,0x00000000a8d4bd48,0x00000000ab800000)
 Metaspace       used 59312K, capacity 61056K, committed 61360K, reserved 1101824K
  class space    used 7873K, capacity 8301K, committed 8368K, reserved 1048576K
}
Event: 67.998 GC heap before
{Heap before GC invocations=40 (full 5):
 PSYoungGen      total 297984K, used 292940K [0x00000000e0000000, 0x00000000f4b00000, 0x0000000100000000)
  eden space 265728K, 100% used [0x00000000e0000000,0x00000000f0380000,0x00000000f0380000)
  from space 32256K, 84% used [0x00000000f2680000,0x00000000f41130b8,0x00000000f4600000)
  to   space 35840K, 0% used [0x00000000f0380000,0x00000000f0380000,0x00000000f2680000)
 ParOldGen       total 188416K, used 144687K [0x00000000a0000000, 0x00000000ab800000, 0x00000000e0000000)
  object space 188416K, 76% used [0x00000000a0000000,0x00000000a8d4bd48,0x00000000ab800000)
 Metaspace       used 59313K, capacity 61056K, committed 61360K, reserved 1101824K
  class space    used 7873K, capacity 8301K, committed 8368K, reserved 1048576K
Event: 69.603 GC heap after
Heap after GC invocations=40 (full 5):
 PSYoungGen      total 301568K, used 30456K [0x00000000e0000000, 0x00000000f8b00000, 0x0000000100000000)
  eden space 265728K, 0% used [0x00000000e0000000,0x00000000e0000000,0x00000000f0380000)
  from space 35840K, 84% used [0x00000000f0380000,0x00000000f213e050,0x00000000f2680000)
  to   space 39936K, 0% used [0x00000000f6400000,0x00000000f6400000,0x00000000f8b00000)
 ParOldGen       total 188416K, used 170458K [0x00000000a0000000, 0x00000000ab800000, 0x00000000e0000000)
  object space 188416K, 90% used [0x00000000a0000000,0x00000000aa676920,0x00000000ab800000)
 Metaspace       used 59313K, capacity 61056K, committed 61360K, reserved 1101824K
  class space    used 7873K, capacity 8301K, committed 8368K, reserved 1048576K
}
Event: 69.603 GC heap before
{Heap before GC invocations=41 (full 6):
 PSYoungGen      total 301568K, used 30456K [0x00000000e0000000, 0x00000000f8b00000, 0x0000000100000000)
  eden space 265728K, 0% used [0x00000000e0000000,0x00000000e0000000,0x00000000f0380000)
  from space 35840K, 84% used [0x00000000f0380000,0x00000000f213e050,0x00000000f2680000)
  to   space 39936K, 0% used [0x00000000f6400000,0x00000000f6400000,0x00000000f8b00000)
 ParOldGen       total 188416K, used 170458K [0x00000000a0000000, 0x00000000ab800000, 0x00000000e0000000)
  object space 188416K, 90% used [0x00000000a0000000,0x00000000aa676920,0x00000000ab800000)
 Metaspace       used 59313K, capacity 61056K, committed 61360K, reserved 1101824K
  class space    used 7873K, capacity 8301K, committed 8368K, reserved 1048576K
Event: 70.299 GC heap after
Heap after GC invocations=41 (full 6):
 PSYoungGen      total 301568K, used 8136K [0x00000000e0000000, 0x00000000f8b00000, 0x0000000100000000)
  eden space 265728K, 0% used [0x00000000e0000000,0x00000000e0000000,0x00000000f0380000)
  from space 35840K, 22% used [0x00000000f0380000,0x00000000f0b72260,0x00000000f2680000)
  to   space 39936K, 0% used [0x00000000f6400000,0x00000000f6400000,0x00000000f8b00000)
 ParOldGen       total 267776K, used 187435K [0x00000000a0000000, 0x00000000b0580000, 0x00000000e0000000)
  object space 267776K, 69% used [0x00000000a0000000,0x00000000ab70af00,0x00000000b0580000)
 Metaspace       used 59313K, capacity 61056K, committed 61360K, reserved 1101824K
  class space    used 7873K, capacity 8301K, committed 8368K, reserved 1048576K
}
Event: 74.477 GC heap before
{Heap before GC invocations=42 (full 6):
 PSYoungGen      total 301568K, used 273864K [0x00000000e0000000, 0x00000000f8b00000, 0x0000000100000000)
  eden space 265728K, 100% used [0x00000000e0000000,0x00000000f0380000,0x00000000f0380000)
  from space 35840K, 22% used [0x00000000f0380000,0x00000000f0b72260,0x00000000f2680000)
  to   space 39936K, 0% used [0x00000000f6400000,0x00000000f6400000,0x00000000f8b00000)
 ParOldGen       total 267776K, used 187435K [0x00000000a0000000, 0x00000000b0580000, 0x00000000e0000000)
  object space 267776K, 69% used [0x00000000a0000000,0x00000000ab70af00,0x00000000b0580000)
 Metaspace       used 59313K, capacity 61056K, committed 61360K, reserved 1101824K
  class space    used 7873K, capacity 8301K, committed 8368K, reserved 1048576K
Event: 83.483 GC heap after
Heap after GC invocations=42 (full 6):
 PSYoungGen      total 360448K, used 32759K [0x00000000e0000000, 0x00000000f8f80000, 0x0000000100000000)
  eden space 320512K, 0% used [0x00000000e0000000,0x00000000e0000000,0x00000000f3900000)
  from space 39936K, 82% used [0x00000000f6400000,0x00000000f83fdcd0,0x00000000f8b00000)
  to   space 44032K, 0% used [0x00000000f3900000,0x00000000f3900000,0x00000000f6400000)
 ParOldGen       total 267776K, used 195572K [0x00000000a0000000, 0x00000000b0580000, 0x00000000e0000000)
  object space 267776K, 73% used [0x00000000a0000000,0x00000000abefd0c0,0x00000000b0580000)
 Metaspace       used 59313K, capacity 61056K, committed 61360K, reserved 1101824K
  class space    used 7873K, capacity 8301K, committed 8368K, reserved 1048576K
}
Event: 96.851 GC heap before
{Heap before GC invocations=43 (full 6):
 PSYoungGen      total 360448K, used 353271K [0x00000000e0000000, 0x00000000f8f80000, 0x0000000100000000)
  eden space 320512K, 100% used [0x00000000e0000000,0x00000000f3900000,0x00000000f3900000)
  from space 39936K, 82% used [0x00000000f6400000,0x00000000f83fdcd0,0x00000000f8b00000)
  to   space 44032K, 0% used [0x00000000f3900000,0x00000000f3900000,0x00000000f6400000)
 ParOldGen       total 267776K, used 195572K [0x00000000a0000000, 0x00000000b0580000, 0x00000000e0000000)
  object space 267776K, 73% used [0x00000000a0000000,0x00000000abefd0c0,0x00000000b0580000)
 Metaspace       used 59313K, capacity 61056K, committed 61360K, reserved 1101824K
  class space    used 7873K, capacity 8301K, committed 8368K, reserved 1048576K

